<?xml version="1.0" encoding="utf-8"?>
<TestRun id="0ba7b3d2-980c-4bae-8d22-44d1540b150f" name="brand@MSI 2025-09-11 13:41:49" runUser="MSI\brand" xmlns="http://microsoft.com/schemas/VisualStudio/TeamTest/2010">
  <Times creation="2025-09-11T13:41:49.6227194-07:00" queuing="2025-09-11T13:41:49.6227198-07:00" start="2025-09-11T13:41:48.4982277-07:00" finish="2025-09-11T13:41:49.6277181-07:00" />
  <TestSettings name="default" id="ebb33498-4228-4212-95b5-60564cc4f69a">
    <Deployment runDeploymentRoot="brand_MSI_2025-09-11_13_41_49" />
  </TestSettings>
  <Results>
    <UnitTestResult executionId="a450b615-72b0-4915-8ec9-a87becad18d0" testId="5b22266c-5213-b841-925f-5fd22a721f73" testName="E2ETests.IngestAndStateFlow_WorksWithJwt" computerName="MSI" duration="00:00:00.3810197" startTime="2025-09-11T13:41:49.5046173-07:00" endTime="2025-09-11T13:41:49.5046376-07:00" testType="13cdc9d9-ddb5-4fa4-a97d-d965ccfc6d4b" outcome="Passed" testListId="8c84fa94-04c1-424b-9868-57a2d4851a1d" relativeResultsDirectory="a450b615-72b0-4915-8ec9-a87becad18d0" />
  </Results>
  <TestDefinitions>
    <UnitTest name="E2ETests.IngestAndStateFlow_WorksWithJwt" storage="c:\users\brand\source\repos\rtdb project\atc-lite\src\tests\bin\debug\net8.0\tests.dll" id="5b22266c-5213-b841-925f-5fd22a721f73">
      <Execution id="a450b615-72b0-4915-8ec9-a87becad18d0" />
      <TestMethod codeBase="C:\Users\brand\source\repos\RTDB Project\atc-lite\src\Tests\bin\Debug\net8.0\Tests.dll" adapterTypeName="executor://xunit/VsTestRunner2/netcoreapp" className="E2ETests" name="IngestAndStateFlow_WorksWithJwt" />
    </UnitTest>
  </TestDefinitions>
  <TestEntries>
    <TestEntry testId="5b22266c-5213-b841-925f-5fd22a721f73" executionId="a450b615-72b0-4915-8ec9-a87becad18d0" testListId="8c84fa94-04c1-424b-9868-57a2d4851a1d" />
  </TestEntries>
  <TestLists>
    <TestList name="Results Not in a List" id="8c84fa94-04c1-424b-9868-57a2d4851a1d" />
    <TestList name="All Loaded Results" id="19431567-8539-422a-85d7-44ee4e166bda" />
  </TestLists>
  <ResultSummary outcome="Completed">
    <Counters total="1" executed="1" passed="1" failed="0" error="0" timeout="0" aborted="0" inconclusive="0" passedButRunAborted="0" notRunnable="0" notExecuted="0" disconnected="0" warning="0" completed="0" inProgress="0" pending="0" />
    <Output>
      <StdOut>[xUnit.net 00:00:00.00] xUnit.net VSTest Adapter v2.5.6+bf9b858c26 (64-bit .NET 8.0.20)&#xD;
[xUnit.net 00:00:00.08]   Discovering: Tests&#xD;
[xUnit.net 00:00:00.12]   Discovered:  Tests&#xD;
[xUnit.net 00:00:00.13]   Starting:    Tests&#xD;
[xUnit.net 00:00:00.55]   Finished:    Tests&#xD;
</StdOut>
    </Output>
  </ResultSummary>
</TestRun>